INFO [2022-10-24 21:21:24] [[1]]
INFO [2022-10-24 21:21:24] geneList
INFO [2022-10-24 21:21:24] 
INFO [2022-10-24 21:21:24] $filename
INFO [2022-10-24 21:21:24] NULL
INFO [2022-10-24 21:21:24] 
INFO [2022-10-24 21:21:24] $fill
INFO [2022-10-24 21:21:24] c("cornflowerblue", "darkorchid1")
INFO [2022-10-24 21:21:24] 
INFO [2022-10-24 21:21:24] $scaled
INFO [2022-10-24 21:21:24] [1] FALSE
INFO [2022-10-24 21:21:24] 
INFO [2022-10-24 21:21:24] $cat.pos
INFO [2022-10-24 21:21:24] c(-1, 1)
INFO [2022-10-24 21:21:24] 
INFO [2022-10-24 21:21:24] $cat.col
INFO [2022-10-24 21:21:24] c("cornflowerblue", "darkorchid1")
INFO [2022-10-24 21:21:24] 
INFO [2022-10-24 21:21:24] $cat.cex
INFO [2022-10-24 21:21:24] [1] 1.2
INFO [2022-10-24 21:21:24] 
